<?xml version="1.0" encoding="UTF-8"?>
<testng-results ignored="0" total="3" passed="3" failed="0" skipped="0">
  <reporter-output>
  </reporter-output>
  <suite started-at="2022-10-28T07:46:55 IST" name="Default suite" finished-at="2022-10-28T07:46:55 IST" duration-ms="74">
    <groups>
    </groups>
    <test started-at="2022-10-28T07:46:55 IST" name="Default test" finished-at="2022-10-28T07:46:55 IST" duration-ms="74">
      <class name="Pscript.TestNGannotations">
        <test-method is-config="true" signature="BS()[pri:0, instance:Pscript.TestNGannotations@193f604a]" started-at="2022-10-28T07:46:55 IST" name="BS" finished-at="2022-10-28T07:46:55 IST" duration-ms="14" status="PASS">
          <reporter-output>
          </reporter-output>
        </test-method> <!-- BS -->
        <test-method is-config="true" signature="BT()[pri:0, instance:Pscript.TestNGannotations@193f604a]" started-at="2022-10-28T07:46:55 IST" name="BT" finished-at="2022-10-28T07:46:55 IST" duration-ms="0" status="PASS">
          <reporter-output>
          </reporter-output>
        </test-method> <!-- BT -->
        <test-method is-config="true" signature="BC()[pri:0, instance:Pscript.TestNGannotations@193f604a]" started-at="2022-10-28T07:46:55 IST" name="BC" finished-at="2022-10-28T07:46:55 IST" duration-ms="0" status="PASS">
          <reporter-output>
          </reporter-output>
        </test-method> <!-- BC -->
        <test-method is-config="true" signature="BM()[pri:0, instance:Pscript.TestNGannotations@193f604a]" started-at="2022-10-28T07:46:55 IST" name="BM" finished-at="2022-10-28T07:46:55 IST" duration-ms="1" status="PASS">
          <reporter-output>
          </reporter-output>
        </test-method> <!-- BM -->
        <test-method signature="Test1()[pri:0, instance:Pscript.TestNGannotations@193f604a]" started-at="2022-10-28T07:46:55 IST" name="Test1" finished-at="2022-10-28T07:46:55 IST" duration-ms="7" status="PASS">
          <reporter-output>
          </reporter-output>
        </test-method> <!-- Test1 -->
        <test-method is-config="true" signature="AM()[pri:0, instance:Pscript.TestNGannotations@193f604a]" started-at="2022-10-28T07:46:55 IST" name="AM" finished-at="2022-10-28T07:46:55 IST" duration-ms="0" status="PASS">
          <reporter-output>
          </reporter-output>
        </test-method> <!-- AM -->
        <test-method signature="Test2()[pri:0, instance:Pscript.TestNGannotations@193f604a]" started-at="2022-10-28T07:46:55 IST" name="Test2" finished-at="2022-10-28T07:46:55 IST" duration-ms="2" status="PASS">
          <reporter-output>
          </reporter-output>
        </test-method> <!-- Test2 -->
        <test-method is-config="true" signature="BM()[pri:0, instance:Pscript.TestNGannotations@193f604a]" started-at="2022-10-28T07:46:55 IST" name="BM" finished-at="2022-10-28T07:46:55 IST" duration-ms="0" status="PASS">
          <reporter-output>
          </reporter-output>
        </test-method> <!-- BM -->
        <test-method is-config="true" signature="AM()[pri:0, instance:Pscript.TestNGannotations@193f604a]" started-at="2022-10-28T07:46:55 IST" name="AM" finished-at="2022-10-28T07:46:55 IST" duration-ms="1" status="PASS">
          <reporter-output>
          </reporter-output>
        </test-method> <!-- AM -->
        <test-method is-config="true" signature="BM()[pri:0, instance:Pscript.TestNGannotations@193f604a]" started-at="2022-10-28T07:46:55 IST" name="BM" finished-at="2022-10-28T07:46:55 IST" duration-ms="0" status="PASS">
          <reporter-output>
          </reporter-output>
        </test-method> <!-- BM -->
        <test-method signature="Test3()[pri:0, instance:Pscript.TestNGannotations@193f604a]" started-at="2022-10-28T07:46:55 IST" name="Test3" finished-at="2022-10-28T07:46:55 IST" duration-ms="2" status="PASS">
          <reporter-output>
          </reporter-output>
        </test-method> <!-- Test3 -->
        <test-method is-config="true" signature="AM()[pri:0, instance:Pscript.TestNGannotations@193f604a]" started-at="2022-10-28T07:46:55 IST" name="AM" finished-at="2022-10-28T07:46:55 IST" duration-ms="0" status="PASS">
          <reporter-output>
          </reporter-output>
        </test-method> <!-- AM -->
        <test-method is-config="true" signature="AC()[pri:0, instance:Pscript.TestNGannotations@193f604a]" started-at="2022-10-28T07:46:55 IST" name="AC" finished-at="2022-10-28T07:46:55 IST" duration-ms="1" status="PASS">
          <reporter-output>
          </reporter-output>
        </test-method> <!-- AC -->
        <test-method is-config="true" signature="AT()[pri:0, instance:Pscript.TestNGannotations@193f604a]" started-at="2022-10-28T07:46:55 IST" name="AT" finished-at="2022-10-28T07:46:55 IST" duration-ms="1" status="PASS">
          <reporter-output>
          </reporter-output>
        </test-method> <!-- AT -->
      </class> <!-- Pscript.TestNGannotations -->
    </test> <!-- Default test -->
  </suite> <!-- Default suite -->
</testng-results>
