<?xml version="1.0" encoding="UTF-8"?>
<!-- Generated by org.testng.reporters.JUnitXMLReporter -->
<testsuite ignored="0" hostname="LAPTOP-JCF6B40P" failures="0" tests="3" name="Default test" time="0.074" errors="0" timestamp="2022-10-28T07:46:55 IST">
  <testcase classname="Pscript.TestNGannotations" name="Test1" time="0.007"/>
  <testcase classname="Pscript.TestNGannotations" name="Test2" time="0.002"/>
  <testcase classname="Pscript.TestNGannotations" name="Test3" time="0.002"/>
</testsuite> <!-- Default test -->
